2024-11-29 19:06:46.532  INFO 15124 --- [restartedMain] com.jbk.CareerPathwayApplication         : Starting CareerPathwayApplication using Java 22.0.1 on LAPTOP-GOURAV with PID 15124 (C:\Users\gdkay\Springboot EE- jbk\CareerPathway\target\classes started by gdkay in C:\Users\gdkay\Springboot EE- jbk\CareerPathway)
2024-11-29 19:06:46.536  INFO 15124 --- [restartedMain] com.jbk.CareerPathwayApplication         : No active profile set, falling back to 1 default profile: "default"
2024-11-29 19:06:46.645  INFO 15124 --- [restartedMain] .e.DevToolsPropertyDefaultsPostProcessor : Devtools property defaults active! Set 'spring.devtools.add-properties' to 'false' to disable
2024-11-29 19:06:46.646  INFO 15124 --- [restartedMain] .e.DevToolsPropertyDefaultsPostProcessor : For additional web related logging consider setting the 'logging.level.web' property to 'DEBUG'
2024-11-29 19:06:48.062  INFO 15124 --- [restartedMain] .s.d.r.c.RepositoryConfigurationDelegate : Bootstrapping Spring Data JPA repositories in DEFAULT mode.
2024-11-29 19:06:48.121  INFO 15124 --- [restartedMain] .s.d.r.c.RepositoryConfigurationDelegate : Finished Spring Data repository scanning in 37 ms. Found 0 JPA repository interfaces.
2024-11-29 19:06:49.447  INFO 15124 --- [restartedMain] o.s.b.w.embedded.tomcat.TomcatWebServer  : Tomcat initialized with port(s): 8080 (http)
2024-11-29 19:06:49.480  INFO 15124 --- [restartedMain] o.apache.catalina.core.StandardService   : Starting service [Tomcat]
2024-11-29 19:06:49.481  INFO 15124 --- [restartedMain] org.apache.catalina.core.StandardEngine  : Starting Servlet engine: [Apache Tomcat/9.0.82]
2024-11-29 19:06:49.650  INFO 15124 --- [restartedMain] o.a.c.c.C.[Tomcat].[localhost].[/]       : Initializing Spring embedded WebApplicationContext
2024-11-29 19:06:49.651  INFO 15124 --- [restartedMain] w.s.c.ServletWebServerApplicationContext : Root WebApplicationContext: initialization completed in 3002 ms
2024-11-29 19:06:49.991  INFO 15124 --- [restartedMain] o.hibernate.jpa.internal.util.LogHelper  : HHH000204: Processing PersistenceUnitInfo [name: default]
2024-11-29 19:06:50.100  INFO 15124 --- [restartedMain] org.hibernate.Version                    : HHH000412: Hibernate ORM core version 5.6.15.Final
2024-11-29 19:06:50.402  INFO 15124 --- [restartedMain] o.hibernate.annotations.common.Version   : HCANN000001: Hibernate Commons Annotations {5.1.2.Final}
2024-11-29 19:06:50.633  INFO 15124 --- [restartedMain] com.zaxxer.hikari.HikariDataSource       : HikariPool-1 - Starting...
2024-11-29 19:06:51.304  INFO 15124 --- [restartedMain] com.zaxxer.hikari.HikariDataSource       : HikariPool-1 - Start completed.
2024-11-29 19:06:51.336  INFO 15124 --- [restartedMain] org.hibernate.dialect.Dialect            : HHH000400: Using dialect: org.hibernate.dialect.MySQL8Dialect
2024-11-29 19:06:52.621  INFO 15124 --- [restartedMain] o.h.e.t.j.p.i.JtaPlatformInitiator       : HHH000490: Using JtaPlatform implementation: [org.hibernate.engine.transaction.jta.platform.internal.NoJtaPlatform]
2024-11-29 19:06:52.638  INFO 15124 --- [restartedMain] j.LocalContainerEntityManagerFactoryBean : Initialized JPA EntityManagerFactory for persistence unit 'default'
2024-11-29 19:06:52.880  WARN 15124 --- [restartedMain] JpaBaseConfiguration$JpaWebConfiguration : spring.jpa.open-in-view is enabled by default. Therefore, database queries may be performed during view rendering. Explicitly configure spring.jpa.open-in-view to disable this warning
2024-11-29 19:06:53.503  INFO 15124 --- [restartedMain] o.s.b.d.a.OptionalLiveReloadServer       : LiveReload server is running on port 35729
2024-11-29 19:06:53.552  INFO 15124 --- [restartedMain] o.s.b.w.embedded.tomcat.TomcatWebServer  : Tomcat started on port(s): 8080 (http) with context path ''
2024-11-29 19:06:53.569  INFO 15124 --- [restartedMain] com.jbk.CareerPathwayApplication         : Started CareerPathwayApplication in 8.015 seconds (JVM running for 9.139)
2024-11-29 19:07:08.686  INFO 15124 --- [http-nio-8080-exec-2] o.a.c.c.C.[Tomcat].[localhost].[/]       : Initializing Spring DispatcherServlet 'dispatcherServlet'
2024-11-29 19:07:08.692  INFO 15124 --- [http-nio-8080-exec-2] o.s.web.servlet.DispatcherServlet        : Initializing Servlet 'dispatcherServlet'
2024-11-29 19:07:08.693  INFO 15124 --- [http-nio-8080-exec-2] o.s.web.servlet.DispatcherServlet        : Completed initialization in 1 ms
2024-11-29 19:07:09.202  WARN 15124 --- [http-nio-8080-exec-2] .m.m.a.ExceptionHandlerExceptionResolver : Resolved [org.springframework.web.bind.MethodArgumentNotValidException: Validation failed for argument [0] in public java.lang.String com.jbk.controller.UserController.createUser(com.jbk.entities.User): [Field error in object 'user' on field 'password': rejected value [ramt23]; codes [Pattern.user.password,Pattern.password,Pattern.java.lang.String,Pattern]; arguments [org.springframework.context.support.DefaultMessageSourceResolvable: codes [user.password,password]; arguments []; default message [password],[Ljavax.validation.constraints.Pattern$Flag;@6521ae60,^(?=.*[0-9])(?=.*[a-zA-Z])(?=.*[@#$%^&+=]).*$]; default message [Password must contain at least one digit, one letter, and one special character]] ]
2024-11-29 20:00:43.906  WARN 15124 --- [HikariPool-1 housekeeper] com.zaxxer.hikari.pool.HikariPool        : HikariPool-1 - Thread starvation or clock leap detected (housekeeper delta=48m52s436ms594µs900ns).
2024-11-29 23:25:17.511  INFO 15124 --- [File Watcher] rtingClassPathChangeChangedEventListener : Restarting due to 1 class path change (0 additions, 0 deletions, 1 modification)
2024-11-29 23:25:17.517  INFO 15124 --- [Thread-5] o.apache.catalina.core.StandardService   : Stopping service [Tomcat]
2024-11-29 23:25:17.518  INFO 15124 --- [Thread-5] o.a.c.c.C.[Tomcat].[localhost].[/]       : Destroying Spring FrameworkServlet 'dispatcherServlet'
2024-11-29 23:25:17.527  INFO 15124 --- [Thread-5] j.LocalContainerEntityManagerFactoryBean : Closing JPA EntityManagerFactory for persistence unit 'default'
2024-11-29 23:25:17.530  INFO 15124 --- [Thread-5] com.zaxxer.hikari.HikariDataSource       : HikariPool-1 - Shutdown initiated...
2024-11-29 23:25:17.535  INFO 15124 --- [Thread-5] com.zaxxer.hikari.HikariDataSource       : HikariPool-1 - Shutdown completed.
2024-11-29 23:25:17.624  INFO 15124 --- [restartedMain] com.jbk.CareerPathwayApplication         : Starting CareerPathwayApplication using Java 22.0.1 on LAPTOP-GOURAV with PID 15124 (C:\Users\gdkay\Springboot EE- jbk\CareerPathway\target\classes started by gdkay in C:\Users\gdkay\Springboot EE- jbk\CareerPathway)
2024-11-29 23:25:17.624  INFO 15124 --- [restartedMain] com.jbk.CareerPathwayApplication         : No active profile set, falling back to 1 default profile: "default"
